2016-03-31 11:01:10.651  INFO 7767 --- [restartedMain] c.d.urlmonitor.UrlMonitorApplication     : Starting UrlMonitorApplication on osxltdyoung.local with PID 7767 (/Users/derrek.young/Dev/workspace/url-monitor-react-springboot/target/classes started by derrek.young in /Users/derrek.young/Dev/workspace/url-monitor-react-springboot)
2016-03-31 11:01:10.654  INFO 7767 --- [restartedMain] c.d.urlmonitor.UrlMonitorApplication     : No active profile set, falling back to default profiles: default
2016-03-31 11:01:14.456  WARN 7767 --- [localhost-startStop-1] .c.m.RepositoryCollectionResourceMapping : @RestResource detected to customize the repository resource for com.derrekyoung.urlmonitor.domain.UrlMonitorRestRepository! Use @RepositoryRestResource instead!
2016-03-31 11:01:16.304  INFO 7767 --- [restartedMain] c.d.urlmonitor.UrlMonitorApplication     : Started UrlMonitorApplication in 5.912 seconds (JVM running for 6.721)
2016-03-31 11:01:20.906 ERROR 7767 --- [http-nio-8080-exec-1] org.apache.velocity                      : ResourceManager : unable to find resource 'index.vm' in any resource loader.
2016-03-31 11:01:22.403  WARN 7767 --- [http-nio-8080-exec-10] o.h.engine.jdbc.spi.SqlExceptionHelper   : SQL Error: 42102, SQLState: 42S02
2016-03-31 11:01:22.403 ERROR 7767 --- [http-nio-8080-exec-10] o.h.engine.jdbc.spi.SqlExceptionHelper   : Table "URL_MONITOR" not found; SQL statement:
select urlmonitor0_.id as id1_0_, urlmonitor0_.expected_content as expected2_0_, urlmonitor0_.response as response3_0_, urlmonitor0_.updated_on as updated_4_0_, urlmonitor0_.url as url5_0_, urlmonitor0_.valid as valid6_0_, urlmonitor0_.valid_content as valid_co7_0_, urlmonitor0_.valid_response as valid_re8_0_, urlmonitor0_.valid_url as valid_ur9_0_ from url_monitor urlmonitor0_ [42102-191]
2016-03-31 11:01:22.417 ERROR 7767 --- [http-nio-8080-exec-10] o.a.c.c.C.[.[.[/].[dispatcherServlet]    : Servlet.service() for servlet [dispatcherServlet] in context with path [] threw exception [Request processing failed; nested exception is org.springframework.dao.InvalidDataAccessResourceUsageException: could not prepare statement; SQL [select urlmonitor0_.id as id1_0_, urlmonitor0_.expected_content as expected2_0_, urlmonitor0_.response as response3_0_, urlmonitor0_.updated_on as updated_4_0_, urlmonitor0_.url as url5_0_, urlmonitor0_.valid as valid6_0_, urlmonitor0_.valid_content as valid_co7_0_, urlmonitor0_.valid_response as valid_re8_0_, urlmonitor0_.valid_url as valid_ur9_0_ from url_monitor urlmonitor0_]; nested exception is org.hibernate.exception.SQLGrammarException: could not prepare statement] with root cause

org.h2.jdbc.JdbcSQLException: Table "URL_MONITOR" not found; SQL statement:
select urlmonitor0_.id as id1_0_, urlmonitor0_.expected_content as expected2_0_, urlmonitor0_.response as response3_0_, urlmonitor0_.updated_on as updated_4_0_, urlmonitor0_.url as url5_0_, urlmonitor0_.valid as valid6_0_, urlmonitor0_.valid_content as valid_co7_0_, urlmonitor0_.valid_response as valid_re8_0_, urlmonitor0_.valid_url as valid_ur9_0_ from url_monitor urlmonitor0_ [42102-191]
	at org.h2.message.DbException.getJdbcSQLException(DbException.java:345) ~[h2-1.4.191.jar:1.4.191]
	at org.h2.message.DbException.get(DbException.java:179) ~[h2-1.4.191.jar:1.4.191]
	at org.h2.message.DbException.get(DbException.java:155) ~[h2-1.4.191.jar:1.4.191]
	at org.h2.command.Parser.readTableOrView(Parser.java:5349) ~[h2-1.4.191.jar:1.4.191]
	at org.h2.command.Parser.readTableFilter(Parser.java:1245) ~[h2-1.4.191.jar:1.4.191]
	at org.h2.command.Parser.parseSelectSimpleFromPart(Parser.java:1884) ~[h2-1.4.191.jar:1.4.191]
	at org.h2.command.Parser.parseSelectSimple(Parser.java:2032) ~[h2-1.4.191.jar:1.4.191]
	at org.h2.command.Parser.parseSelectSub(Parser.java:1878) ~[h2-1.4.191.jar:1.4.191]
	at org.h2.command.Parser.parseSelectUnion(Parser.java:1699) ~[h2-1.4.191.jar:1.4.191]
	at org.h2.command.Parser.parseSelect(Parser.java:1687) ~[h2-1.4.191.jar:1.4.191]
	at org.h2.command.Parser.parsePrepared(Parser.java:443) ~[h2-1.4.191.jar:1.4.191]
	at org.h2.command.Parser.parse(Parser.java:315) ~[h2-1.4.191.jar:1.4.191]
	at org.h2.command.Parser.parse(Parser.java:287) ~[h2-1.4.191.jar:1.4.191]
	at org.h2.command.Parser.prepareCommand(Parser.java:252) ~[h2-1.4.191.jar:1.4.191]
	at org.h2.engine.Session.prepareLocal(Session.java:560) ~[h2-1.4.191.jar:1.4.191]
	at org.h2.engine.Session.prepareCommand(Session.java:501) ~[h2-1.4.191.jar:1.4.191]
	at org.h2.jdbc.JdbcConnection.prepareCommand(JdbcConnection.java:1188) ~[h2-1.4.191.jar:1.4.191]
	at org.h2.jdbc.JdbcPreparedStatement.<init>(JdbcPreparedStatement.java:73) ~[h2-1.4.191.jar:1.4.191]
	at org.h2.jdbc.JdbcConnection.prepareStatement(JdbcConnection.java:276) ~[h2-1.4.191.jar:1.4.191]
	at sun.reflect.NativeMethodAccessorImpl.invoke0(Native Method) ~[na:1.8.0_66]
	at sun.reflect.NativeMethodAccessorImpl.invoke(NativeMethodAccessorImpl.java:62) ~[na:1.8.0_66]
	at sun.reflect.DelegatingMethodAccessorImpl.invoke(DelegatingMethodAccessorImpl.java:43) ~[na:1.8.0_66]
	at java.lang.reflect.Method.invoke(Method.java:497) ~[na:1.8.0_66]
	at org.apache.tomcat.jdbc.pool.ProxyConnection.invoke(ProxyConnection.java:126) ~[tomcat-jdbc-8.0.32.jar:na]
	at org.apache.tomcat.jdbc.pool.JdbcInterceptor.invoke(JdbcInterceptor.java:108) ~[tomcat-jdbc-8.0.32.jar:na]
	at org.apache.tomcat.jdbc.pool.DisposableConnectionFacade.invoke(DisposableConnectionFacade.java:81) ~[tomcat-jdbc-8.0.32.jar:na]
	at com.sun.proxy.$Proxy73.prepareStatement(Unknown Source) ~[na:na]
	at org.hibernate.engine.jdbc.internal.StatementPreparerImpl$5.doPrepare(StatementPreparerImpl.java:162) ~[hibernate-core-4.3.11.Final.jar:4.3.11.Final]
	at org.hibernate.engine.jdbc.internal.StatementPreparerImpl$StatementPreparationTemplate.prepareStatement(StatementPreparerImpl.java:186) ~[hibernate-core-4.3.11.Final.jar:4.3.11.Final]
	at org.hibernate.engine.jdbc.internal.StatementPreparerImpl.prepareQueryStatement(StatementPreparerImpl.java:160) ~[hibernate-core-4.3.11.Final.jar:4.3.11.Final]
	at org.hibernate.loader.Loader.prepareQueryStatement(Loader.java:1885) ~[hibernate-core-4.3.11.Final.jar:4.3.11.Final]
	at org.hibernate.loader.Loader.executeQueryStatement(Loader.java:1862) ~[hibernate-core-4.3.11.Final.jar:4.3.11.Final]
	at org.hibernate.loader.Loader.executeQueryStatement(Loader.java:1839) ~[hibernate-core-4.3.11.Final.jar:4.3.11.Final]
	at org.hibernate.loader.Loader.doQuery(Loader.java:910) ~[hibernate-core-4.3.11.Final.jar:4.3.11.Final]
	at org.hibernate.loader.Loader.doQueryAndInitializeNonLazyCollections(Loader.java:355) ~[hibernate-core-4.3.11.Final.jar:4.3.11.Final]
	at org.hibernate.loader.Loader.doList(Loader.java:2554) ~[hibernate-core-4.3.11.Final.jar:4.3.11.Final]
	at org.hibernate.loader.Loader.doList(Loader.java:2540) ~[hibernate-core-4.3.11.Final.jar:4.3.11.Final]
	at org.hibernate.loader.Loader.listIgnoreQueryCache(Loader.java:2370) ~[hibernate-core-4.3.11.Final.jar:4.3.11.Final]
	at org.hibernate.loader.Loader.list(Loader.java:2365) ~[hibernate-core-4.3.11.Final.jar:4.3.11.Final]
	at org.hibernate.loader.hql.QueryLoader.list(QueryLoader.java:497) ~[hibernate-core-4.3.11.Final.jar:4.3.11.Final]
	at org.hibernate.hql.internal.ast.QueryTranslatorImpl.list(QueryTranslatorImpl.java:387) ~[hibernate-core-4.3.11.Final.jar:4.3.11.Final]
	at org.hibernate.engine.query.spi.HQLQueryPlan.performList(HQLQueryPlan.java:236) ~[hibernate-core-4.3.11.Final.jar:4.3.11.Final]
	at org.hibernate.internal.SessionImpl.list(SessionImpl.java:1300) ~[hibernate-core-4.3.11.Final.jar:4.3.11.Final]
	at org.hibernate.internal.QueryImpl.list(QueryImpl.java:103) ~[hibernate-core-4.3.11.Final.jar:4.3.11.Final]
	at org.hibernate.jpa.internal.QueryImpl.list(QueryImpl.java:573) ~[hibernate-entitymanager-4.3.11.Final.jar:4.3.11.Final]
	at org.hibernate.jpa.internal.QueryImpl.getResultList(QueryImpl.java:449) ~[hibernate-entitymanager-4.3.11.Final.jar:4.3.11.Final]
	at org.hibernate.jpa.criteria.compile.CriteriaQueryTypeQueryAdapter.getResultList(CriteriaQueryTypeQueryAdapter.java:67) ~[hibernate-entitymanager-4.3.11.Final.jar:4.3.11.Final]
	at org.springframework.data.jpa.repository.support.SimpleJpaRepository.findAll(SimpleJpaRepository.java:323) ~[spring-data-jpa-1.9.4.RELEASE.jar:na]
	at sun.reflect.NativeMethodAccessorImpl.invoke0(Native Method) ~[na:1.8.0_66]
	at sun.reflect.NativeMethodAccessorImpl.invoke(NativeMethodAccessorImpl.java:62) ~[na:1.8.0_66]
	at sun.reflect.DelegatingMethodAccessorImpl.invoke(DelegatingMethodAccessorImpl.java:43) ~[na:1.8.0_66]
	at java.lang.reflect.Method.invoke(Method.java:497) ~[na:1.8.0_66]
	at org.springframework.data.repository.core.support.RepositoryFactorySupport$QueryExecutorMethodInterceptor.executeMethodOn(RepositoryFactorySupport.java:483) ~[spring-data-commons-1.11.4.RELEASE.jar:na]
	at org.springframework.data.repository.core.support.RepositoryFactorySupport$QueryExecutorMethodInterceptor.doInvoke(RepositoryFactorySupport.java:468) ~[spring-data-commons-1.11.4.RELEASE.jar:na]
	at org.springframework.data.repository.core.support.RepositoryFactorySupport$QueryExecutorMethodInterceptor.invoke(RepositoryFactorySupport.java:440) ~[spring-data-commons-1.11.4.RELEASE.jar:na]
	at org.springframework.aop.framework.ReflectiveMethodInvocation.proceed(ReflectiveMethodInvocation.java:179) ~[spring-aop-4.2.5.RELEASE.jar:4.2.5.RELEASE]
	at org.springframework.data.projection.DefaultMethodInvokingMethodInterceptor.invoke(DefaultMethodInvokingMethodInterceptor.java:61) ~[spring-data-commons-1.11.4.RELEASE.jar:na]
	at org.springframework.aop.framework.ReflectiveMethodInvocation.proceed(ReflectiveMethodInvocation.java:179) ~[spring-aop-4.2.5.RELEASE.jar:4.2.5.RELEASE]
	at org.springframework.transaction.interceptor.TransactionInterceptor$1.proceedWithInvocation(TransactionInterceptor.java:99) ~[spring-tx-4.2.5.RELEASE.jar:4.2.5.RELEASE]
	at org.springframework.transaction.interceptor.TransactionAspectSupport.invokeWithinTransaction(TransactionAspectSupport.java:281) ~[spring-tx-4.2.5.RELEASE.jar:4.2.5.RELEASE]
	at org.springframework.transaction.interceptor.TransactionInterceptor.invoke(TransactionInterceptor.java:96) ~[spring-tx-4.2.5.RELEASE.jar:4.2.5.RELEASE]
	at org.springframework.aop.framework.ReflectiveMethodInvocation.proceed(ReflectiveMethodInvocation.java:179) ~[spring-aop-4.2.5.RELEASE.jar:4.2.5.RELEASE]
	at org.springframework.dao.support.PersistenceExceptionTranslationInterceptor.invoke(PersistenceExceptionTranslationInterceptor.java:136) ~[spring-tx-4.2.5.RELEASE.jar:4.2.5.RELEASE]
	at org.springframework.aop.framework.ReflectiveMethodInvocation.proceed(ReflectiveMethodInvocation.java:179) ~[spring-aop-4.2.5.RELEASE.jar:4.2.5.RELEASE]
	at org.springframework.data.jpa.repository.support.CrudMethodMetadataPostProcessor$CrudMethodMetadataPopulatingMethodInterceptor.invoke(CrudMethodMetadataPostProcessor.java:131) ~[spring-data-jpa-1.9.4.RELEASE.jar:na]
	at org.springframework.aop.framework.ReflectiveMethodInvocation.proceed(ReflectiveMethodInvocation.java:179) ~[spring-aop-4.2.5.RELEASE.jar:4.2.5.RELEASE]
	at org.springframework.aop.interceptor.ExposeInvocationInterceptor.invoke(ExposeInvocationInterceptor.java:92) ~[spring-aop-4.2.5.RELEASE.jar:4.2.5.RELEASE]
	at org.springframework.aop.framework.ReflectiveMethodInvocation.proceed(ReflectiveMethodInvocation.java:179) ~[spring-aop-4.2.5.RELEASE.jar:4.2.5.RELEASE]
	at org.springframework.aop.framework.JdkDynamicAopProxy.invoke(JdkDynamicAopProxy.java:208) ~[spring-aop-4.2.5.RELEASE.jar:4.2.5.RELEASE]
	at com.sun.proxy.$Proxy81.findAll(Unknown Source) ~[na:na]
	at com.derrekyoung.urlmonitor.util.UrlMonitorUtil.validateAndSaveAll(UrlMonitorUtil.java:57) ~[classes/:na]
	at com.derrekyoung.urlmonitor.controller.UrlMonitorController.validateAllUrls(UrlMonitorController.java:41) ~[classes/:na]
	at sun.reflect.NativeMethodAccessorImpl.invoke0(Native Method) ~[na:1.8.0_66]
	at sun.reflect.NativeMethodAccessorImpl.invoke(NativeMethodAccessorImpl.java:62) ~[na:1.8.0_66]
	at sun.reflect.DelegatingMethodAccessorImpl.invoke(DelegatingMethodAccessorImpl.java:43) ~[na:1.8.0_66]
	at java.lang.reflect.Method.invoke(Method.java:497) ~[na:1.8.0_66]
	at org.springframework.web.method.support.InvocableHandlerMethod.doInvoke(InvocableHandlerMethod.java:221) ~[spring-web-4.2.5.RELEASE.jar:4.2.5.RELEASE]
	at org.springframework.web.method.support.InvocableHandlerMethod.invokeForRequest(InvocableHandlerMethod.java:136) ~[spring-web-4.2.5.RELEASE.jar:4.2.5.RELEASE]
	at org.springframework.web.servlet.mvc.method.annotation.ServletInvocableHandlerMethod.invokeAndHandle(ServletInvocableHandlerMethod.java:110) ~[spring-webmvc-4.2.5.RELEASE.jar:4.2.5.RELEASE]
	at org.springframework.web.servlet.mvc.method.annotation.RequestMappingHandlerAdapter.invokeHandlerMethod(RequestMappingHandlerAdapter.java:817) ~[spring-webmvc-4.2.5.RELEASE.jar:4.2.5.RELEASE]
	at org.springframework.web.servlet.mvc.method.annotation.RequestMappingHandlerAdapter.handleInternal(RequestMappingHandlerAdapter.java:731) ~[spring-webmvc-4.2.5.RELEASE.jar:4.2.5.RELEASE]
	at org.springframework.web.servlet.mvc.method.AbstractHandlerMethodAdapter.handle(AbstractHandlerMethodAdapter.java:85) ~[spring-webmvc-4.2.5.RELEASE.jar:4.2.5.RELEASE]
	at org.springframework.web.servlet.DispatcherServlet.doDispatch(DispatcherServlet.java:959) ~[spring-webmvc-4.2.5.RELEASE.jar:4.2.5.RELEASE]
	at org.springframework.web.servlet.DispatcherServlet.doService(DispatcherServlet.java:893) ~[spring-webmvc-4.2.5.RELEASE.jar:4.2.5.RELEASE]
	at org.springframework.web.servlet.FrameworkServlet.processRequest(FrameworkServlet.java:968) ~[spring-webmvc-4.2.5.RELEASE.jar:4.2.5.RELEASE]
	at org.springframework.web.servlet.FrameworkServlet.doGet(FrameworkServlet.java:859) ~[spring-webmvc-4.2.5.RELEASE.jar:4.2.5.RELEASE]
	at javax.servlet.http.HttpServlet.service(HttpServlet.java:622) ~[tomcat-embed-core-8.0.32.jar:8.0.32]
	at org.springframework.web.servlet.FrameworkServlet.service(FrameworkServlet.java:844) ~[spring-webmvc-4.2.5.RELEASE.jar:4.2.5.RELEASE]
	at javax.servlet.http.HttpServlet.service(HttpServlet.java:729) ~[tomcat-embed-core-8.0.32.jar:8.0.32]
	at org.apache.catalina.core.ApplicationFilterChain.internalDoFilter(ApplicationFilterChain.java:292) ~[tomcat-embed-core-8.0.32.jar:8.0.32]
	at org.apache.catalina.core.ApplicationFilterChain.doFilter(ApplicationFilterChain.java:207) ~[tomcat-embed-core-8.0.32.jar:8.0.32]
	at org.apache.tomcat.websocket.server.WsFilter.doFilter(WsFilter.java:52) ~[tomcat-embed-websocket-8.0.32.jar:8.0.32]
	at org.apache.catalina.core.ApplicationFilterChain.internalDoFilter(ApplicationFilterChain.java:240) ~[tomcat-embed-core-8.0.32.jar:8.0.32]
	at org.apache.catalina.core.ApplicationFilterChain.doFilter(ApplicationFilterChain.java:207) ~[tomcat-embed-core-8.0.32.jar:8.0.32]
	at org.springframework.web.filter.RequestContextFilter.doFilterInternal(RequestContextFilter.java:99) ~[spring-web-4.2.5.RELEASE.jar:4.2.5.RELEASE]
	at org.springframework.web.filter.OncePerRequestFilter.doFilter(OncePerRequestFilter.java:107) ~[spring-web-4.2.5.RELEASE.jar:4.2.5.RELEASE]
	at org.apache.catalina.core.ApplicationFilterChain.internalDoFilter(ApplicationFilterChain.java:240) ~[tomcat-embed-core-8.0.32.jar:8.0.32]
	at org.apache.catalina.core.ApplicationFilterChain.doFilter(ApplicationFilterChain.java:207) ~[tomcat-embed-core-8.0.32.jar:8.0.32]
	at org.springframework.web.filter.HttpPutFormContentFilter.doFilterInternal(HttpPutFormContentFilter.java:87) ~[spring-web-4.2.5.RELEASE.jar:4.2.5.RELEASE]
	at org.springframework.web.filter.OncePerRequestFilter.doFilter(OncePerRequestFilter.java:107) ~[spring-web-4.2.5.RELEASE.jar:4.2.5.RELEASE]
	at org.apache.catalina.core.ApplicationFilterChain.internalDoFilter(ApplicationFilterChain.java:240) ~[tomcat-embed-core-8.0.32.jar:8.0.32]
	at org.apache.catalina.core.ApplicationFilterChain.doFilter(ApplicationFilterChain.java:207) ~[tomcat-embed-core-8.0.32.jar:8.0.32]
	at org.springframework.web.filter.HiddenHttpMethodFilter.doFilterInternal(HiddenHttpMethodFilter.java:77) ~[spring-web-4.2.5.RELEASE.jar:4.2.5.RELEASE]
	at org.springframework.web.filter.OncePerRequestFilter.doFilter(OncePerRequestFilter.java:107) ~[spring-web-4.2.5.RELEASE.jar:4.2.5.RELEASE]
	at org.apache.catalina.core.ApplicationFilterChain.internalDoFilter(ApplicationFilterChain.java:240) ~[tomcat-embed-core-8.0.32.jar:8.0.32]
	at org.apache.catalina.core.ApplicationFilterChain.doFilter(ApplicationFilterChain.java:207) ~[tomcat-embed-core-8.0.32.jar:8.0.32]
	at org.springframework.web.filter.CharacterEncodingFilter.doFilterInternal(CharacterEncodingFilter.java:121) ~[spring-web-4.2.5.RELEASE.jar:4.2.5.RELEASE]
	at org.springframework.web.filter.OncePerRequestFilter.doFilter(OncePerRequestFilter.java:107) ~[spring-web-4.2.5.RELEASE.jar:4.2.5.RELEASE]
	at org.apache.catalina.core.ApplicationFilterChain.internalDoFilter(ApplicationFilterChain.java:240) ~[tomcat-embed-core-8.0.32.jar:8.0.32]
	at org.apache.catalina.core.ApplicationFilterChain.doFilter(ApplicationFilterChain.java:207) ~[tomcat-embed-core-8.0.32.jar:8.0.32]
	at org.apache.catalina.core.StandardWrapperValve.invoke(StandardWrapperValve.java:212) ~[tomcat-embed-core-8.0.32.jar:8.0.32]
	at org.apache.catalina.core.StandardContextValve.invoke(StandardContextValve.java:106) [tomcat-embed-core-8.0.32.jar:8.0.32]
	at org.apache.catalina.authenticator.AuthenticatorBase.invoke(AuthenticatorBase.java:502) [tomcat-embed-core-8.0.32.jar:8.0.32]
	at org.apache.catalina.core.StandardHostValve.invoke(StandardHostValve.java:141) [tomcat-embed-core-8.0.32.jar:8.0.32]
	at org.apache.catalina.valves.ErrorReportValve.invoke(ErrorReportValve.java:79) [tomcat-embed-core-8.0.32.jar:8.0.32]
	at org.apache.catalina.core.StandardEngineValve.invoke(StandardEngineValve.java:88) [tomcat-embed-core-8.0.32.jar:8.0.32]
	at org.apache.catalina.connector.CoyoteAdapter.service(CoyoteAdapter.java:522) [tomcat-embed-core-8.0.32.jar:8.0.32]
	at org.apache.coyote.http11.AbstractHttp11Processor.process(AbstractHttp11Processor.java:1095) [tomcat-embed-core-8.0.32.jar:8.0.32]
	at org.apache.coyote.AbstractProtocol$AbstractConnectionHandler.process(AbstractProtocol.java:672) [tomcat-embed-core-8.0.32.jar:8.0.32]
	at org.apache.tomcat.util.net.NioEndpoint$SocketProcessor.doRun(NioEndpoint.java:1500) [tomcat-embed-core-8.0.32.jar:8.0.32]
	at org.apache.tomcat.util.net.NioEndpoint$SocketProcessor.run(NioEndpoint.java:1456) [tomcat-embed-core-8.0.32.jar:8.0.32]
	at java.util.concurrent.ThreadPoolExecutor.runWorker(ThreadPoolExecutor.java:1142) [na:1.8.0_66]
	at java.util.concurrent.ThreadPoolExecutor$Worker.run(ThreadPoolExecutor.java:617) [na:1.8.0_66]
	at org.apache.tomcat.util.threads.TaskThread$WrappingRunnable.run(TaskThread.java:61) [tomcat-embed-core-8.0.32.jar:8.0.32]
	at java.lang.Thread.run(Thread.java:745) [na:1.8.0_66]

2016-03-31 11:11:17.436  INFO 8001 --- [restartedMain] c.d.urlmonitor.UrlMonitorApplication     : Starting UrlMonitorApplication on osxltdyoung.local with PID 8001 (/Users/derrek.young/Dev/workspace/url-monitor-react-springboot/target/classes started by derrek.young in /Users/derrek.young/Dev/workspace/url-monitor-react-springboot)
2016-03-31 11:11:17.438  INFO 8001 --- [restartedMain] c.d.urlmonitor.UrlMonitorApplication     : No active profile set, falling back to default profiles: default
2016-03-31 11:11:21.046  WARN 8001 --- [localhost-startStop-1] .c.m.RepositoryCollectionResourceMapping : @RestResource detected to customize the repository resource for com.derrekyoung.urlmonitor.domain.UrlMonitorRestRepository! Use @RepositoryRestResource instead!
2016-03-31 11:11:22.891  INFO 8001 --- [restartedMain] c.d.urlmonitor.UrlMonitorApplication     : Started UrlMonitorApplication in 5.674 seconds (JVM running for 6.094)
2016-03-31 11:11:27.738 ERROR 8001 --- [http-nio-8080-exec-1] org.apache.velocity                      : ResourceManager : unable to find resource 'index.vm' in any resource loader.
2016-03-31 11:16:52.732  INFO 8171 --- [restartedMain] c.d.urlmonitor.UrlMonitorApplication     : Starting UrlMonitorApplication on osxltdyoung.local with PID 8171 (/Users/derrek.young/Dev/workspace/url-monitor-react-springboot/target/classes started by derrek.young in /Users/derrek.young/Dev/workspace/url-monitor-react-springboot)
2016-03-31 11:16:52.734  INFO 8171 --- [restartedMain] c.d.urlmonitor.UrlMonitorApplication     : No active profile set, falling back to default profiles: default
2016-03-31 11:16:56.337  WARN 8171 --- [localhost-startStop-1] .c.m.RepositoryCollectionResourceMapping : @RestResource detected to customize the repository resource for com.derrekyoung.urlmonitor.domain.UrlMonitorRestRepository! Use @RepositoryRestResource instead!
2016-03-31 11:16:58.280  INFO 8171 --- [restartedMain] c.d.urlmonitor.UrlMonitorApplication     : Started UrlMonitorApplication in 5.777 seconds (JVM running for 6.456)
